* using log directory 'E:/Insync/Classes/Geo - 712/Projects/Week 3/my-first-repo/plotRs.Rcheck'
* using R version 3.6.1 (2019-07-05)
* using platform: x86_64-w64-mingw32 (64-bit)
* using session charset: ISO8859-1
* using options '--no-manual --as-cran'
* checking for file 'plotRs/DESCRIPTION' ... OK
* checking extension type ... Package
* this is package 'plotRs' version '0.1.0'
* package encoding: UTF-8
* checking package namespace information ... OK
* checking package dependencies ... OK
* checking if this is a source package ... OK
* checking if there is a namespace ... OK
* checking for executable files ... OK
* checking for hidden files and directories ... OK
* checking for portable file names ... OK
* checking serialization versions ... OK
* checking whether package 'plotRs' can be installed ... ERROR
Installation failed.
See 'E:/Insync/Classes/Geo - 712/Projects/Week 3/my-first-repo/plotRs.Rcheck/00install.out' for details.
* DONE
Status: 1 ERROR
